<?xml version="1.0" encoding="UTF-8"?>
<!-- Generated by org.testng.reporters.JUnitXMLReporter -->
<testsuite hostname="ThisPC" ignored="0" name="Test" tests="1" failures="0" timestamp="2022-11-07T16:48:02 IST" time="0.078" errors="0">
  <testcase name="@BeforeClass setUp" time="0.044" classname="com.crmproject.testcases.BaseClass">
    <failure type="java.lang.IllegalStateException" message="The driver executable must exist: C:\Users\Ramu\OneDrive\Desktop\automation\CrmProjectv1\UsersRamuOneDriveDesktopautomationCrmProjectv1driverchromedriver.exe">
      <![CDATA[java.lang.IllegalStateException: The driver executable must exist: C:\Users\Ramu\OneDrive\Desktop\automation\CrmProjectv1\UsersRamuOneDriveDesktopautomationCrmProjectv1driverchromedriver.exe
at org.openqa.selenium.internal.Require$FileStateChecker.isFile(Require.java:342)
at org.openqa.selenium.remote.service.DriverService.checkExecutable(DriverService.java:147)
at org.openqa.selenium.remote.service.DriverService.findExecutable(DriverService.java:142)
at org.openqa.selenium.chrome.ChromeDriverService.access$000(ChromeDriverService.java:39)
at org.openqa.selenium.chrome.ChromeDriverService$Builder.findDefaultExecutable(ChromeDriverService.java:233)
at org.openqa.selenium.remote.service.DriverService$Builder.build(DriverService.java:437)
at org.openqa.selenium.chrome.ChromeDriverService.createDefaultService(ChromeDriverService.java:128)
at org.openqa.selenium.chrome.ChromeDriver.<init>(ChromeDriver.java:49)
at com.crmproject.testcases.BaseClass.setUp(BaseClass.java:38)
at java.util.ArrayList.forEach(Unknown Source)
... Removed 25 stack frames]]>
    </failure>
  </testcase> <!-- @BeforeClass setUp -->
  <testcase name="@AfterClass tearDown" time="-1.667819882186E9" classname="com.crmproject.testcases.BaseClass">
    <skipped/>
  </testcase> <!-- @AfterClass tearDown -->
  <testcase name="loginTest" time="0.0" classname="com.crmproject.testcases.Tc_LoginPage_001">
    <skipped/>
  </testcase> <!-- loginTest -->
</testsuite> <!-- Test -->
